# JRE version: OpenJDK Runtime Environment (11.0.10) (build 11.0.10+0-b96-7249189)
# Java VM: OpenJDK 64-Bit Server VM (11.0.10+0-b96-7249189, mixed mode, tiered, compressed oops, g1 gc, windows-amd64)
Heap:
 garbage-first heap   total 487424K, used 265737K [0x0000000080000000, 0x0000000100000000)
  region size 1024K, 12 young (12288K), 3 survivors (3072K)
 Metaspace       used 137285K, capacity 140788K, committed 141004K, reserved 1173504K
  class space    used 16511K, capacity 17830K, committed 17868K, reserved 1048576K
GC Heap History (20 events):
Event: 2228.548 GC heap before
{Heap before GC invocations=178 (full 0):
 garbage-first heap   total 487424K, used 251392K [0x0000000080000000, 0x0000000100000000)
  region size 1024K, 23 young (23552K), 3 survivors (3072K)
 Metaspace       used 136184K, capacity 139554K, committed 139596K, reserved 1171456K
  class space    used 16446K, capacity 17727K, committed 17740K, reserved 1048576K
}
Event: 2229.475 GC heap after
{Heap after GC invocations=179 (full 0):
 garbage-first heap   total 487424K, used 217358K [0x0000000080000000, 0x0000000100000000)
  region size 1024K, 3 young (3072K), 3 survivors (3072K)
 Metaspace       used 136184K, capacity 139554K, committed 139596K, reserved 1171456K
  class space    used 16446K, capacity 17727K, committed 17740K, reserved 1048576K
}
Event: 2567.301 GC heap before
{Heap before GC invocations=179 (full 0):
 garbage-first heap   total 487424K, used 236814K [0x0000000080000000, 0x0000000100000000)
  region size 1024K, 23 young (23552K), 3 survivors (3072K)
 Metaspace       used 136366K, capacity 139806K, committed 139980K, reserved 1171456K
  class space    used 16472K, capacity 17761K, committed 17868K, reserved 1048576K
}
Event: 2567.366 GC heap after
{Heap after GC invocations=180 (full 0):
 garbage-first heap   total 487424K, used 219321K [0x0000000080000000, 0x0000000100000000)
  region size 1024K, 2 young (2048K), 2 survivors (2048K)
 Metaspace       used 136366K, capacity 139806K, committed 139980K, reserved 1171456K
  class space    used 16472K, capacity 17761K, committed 17868K, reserved 1048576K
}
Event: 2573.665 GC heap before
{Heap before GC invocations=180 (full 0):
 garbage-first heap   total 487424K, used 239801K [0x0000000080000000, 0x0000000100000000)
  region size 1024K, 23 young (23552K), 2 survivors (2048K)
 Metaspace       used 136543K, capacity 140004K, committed 140236K, reserved 1171456K
  class space    used 16478K, capacity 17772K, committed 17868K, reserved 1048576K
}
Event: 2573.760 GC heap after
{Heap after GC invocations=181 (full 0):
 garbage-first heap   total 487424K, used 221620K [0x0000000080000000, 0x0000000100000000)
  region size 1024K, 3 young (3072K), 3 survivors (3072K)
 Metaspace       used 136543K, capacity 140004K, committed 140236K, reserved 1171456K
  class space    used 16478K, capacity 17772K, committed 17868K, reserved 1048576K
}
Event: 2574.475 GC heap before
{Heap before GC invocations=181 (full 0):
 garbage-first heap   total 487424K, used 243124K [0x0000000080000000, 0x0000000100000000)
  region size 1024K, 23 young (23552K), 3 survivors (3072K)
 Metaspace       used 136581K, capacity 140068K, committed 140236K, reserved 1171456K
  class space    used 16478K, capacity 17772K, committed 17868K, reserved 1048576K
}
Event: 2574.608 GC heap after
{Heap after GC invocations=182 (full 0):
 garbage-first heap   total 487424K, used 234794K [0x0000000080000000, 0x0000000100000000)
  region size 1024K, 3 young (3072K), 3 survivors (3072K)
 Metaspace       used 136581K, capacity 140068K, committed 140236K, reserved 1171456K
  class space    used 16478K, capacity 17772K, committed 17868K, reserved 1048576K
}
Event: 2574.820 GC heap before
{Heap before GC invocations=182 (full 0):
 garbage-first heap   total 487424K, used 254250K [0x0000000080000000, 0x0000000100000000)
  region size 1024K, 23 young (23552K), 3 survivors (3072K)
 Metaspace       used 136595K, capacity 140068K, committed 140236K, reserved 1171456K
  class space    used 16478K, capacity 17772K, committed 17868K, reserved 1048576K
}
Event: 2575.093 GC heap after
{Heap after GC invocations=183 (full 0):
 garbage-first heap   total 487424K, used 244120K [0x0000000080000000, 0x0000000100000000)
  region size 1024K, 3 young (3072K), 3 survivors (3072K)
 Metaspace       used 136595K, capacity 140068K, committed 140236K, reserved 1171456K
  class space    used 16478K, capacity 17772K, committed 17868K, reserved 1048576K
}
Event: 2576.216 GC heap before
{Heap before GC invocations=183 (full 0):
 garbage-first heap   total 487424K, used 280984K [0x0000000080000000, 0x0000000100000000)
  region size 1024K, 23 young (23552K), 3 survivors (3072K)
 Metaspace       used 136601K, capacity 140068K, committed 140236K, reserved 1171456K
  class space    used 16478K, capacity 17772K, committed 17868K, reserved 1048576K
}
Event: 2576.418 GC heap after
{Heap after GC invocations=184 (full 0):
 garbage-first heap   total 487424K, used 247808K [0x0000000080000000, 0x0000000100000000)
  region size 1024K, 3 young (3072K), 3 survivors (3072K)
 Metaspace       used 136601K, capacity 140068K, committed 140236K, reserved 1171456K
  class space    used 16478K, capacity 17772K, committed 17868K, reserved 1048576K
}
Event: 2651.659 GC heap before
{Heap before GC invocations=184 (full 0):
 garbage-first heap   total 487424K, used 267264K [0x0000000080000000, 0x0000000100000000)
  region size 1024K, 23 young (23552K), 3 survivors (3072K)
 Metaspace       used 136688K, capacity 140092K, committed 140236K, reserved 1171456K
  class space    used 16482K, capacity 17778K, committed 17868K, reserved 1048576K
}
Event: 2651.680 GC heap after
{Heap after GC invocations=185 (full 0):
 garbage-first heap   total 487424K, used 249821K [0x0000000080000000, 0x0000000100000000)
  region size 1024K, 2 young (2048K), 2 survivors (2048K)
 Metaspace       used 136688K, capacity 140092K, committed 140236K, reserved 1171456K
  class space    used 16482K, capacity 17778K, committed 17868K, reserved 1048576K
}
Event: 2652.781 GC heap before
{Heap before GC invocations=185 (full 0):
 garbage-first heap   total 487424K, used 270301K [0x0000000080000000, 0x0000000100000000)
  region size 1024K, 23 young (23552K), 2 survivors (2048K)
 Metaspace       used 136787K, capacity 140298K, committed 140492K, reserved 1171456K
  class space    used 16484K, capacity 17781K, committed 17868K, reserved 1048576K
}
Event: 2652.793 GC heap after
{Heap after GC invocations=186 (full 0):
 garbage-first heap   total 487424K, used 252639K [0x0000000080000000, 0x0000000100000000)
  region size 1024K, 3 young (3072K), 3 survivors (3072K)
 Metaspace       used 136787K, capacity 140298K, committed 140492K, reserved 1171456K
  class space    used 16484K, capacity 17781K, committed 17868K, reserved 1048576K
}
Event: 2655.227 GC heap before
{Heap before GC invocations=186 (full 0):
 garbage-first heap   total 487424K, used 273119K [0x0000000080000000, 0x0000000100000000)
  region size 1024K, 23 young (23552K), 3 survivors (3072K)
 Metaspace       used 136916K, capacity 140398K, committed 140492K, reserved 1171456K
  class space    used 16490K, capacity 17791K, committed 17868K, reserved 1048576K
}
Event: 2655.254 GC heap after
{Heap after GC invocations=187 (full 0):
 garbage-first heap   total 487424K, used 253804K [0x0000000080000000, 0x0000000100000000)
  region size 1024K, 2 young (2048K), 2 survivors (2048K)
 Metaspace       used 136916K, capacity 140398K, committed 140492K, reserved 1171456K
  class space    used 16490K, capacity 17791K, committed 17868K, reserved 1048576K
}
Event: 2711.604 GC heap before
{Heap before GC invocations=187 (full 0):
 garbage-first heap   total 487424K, used 274284K [0x0000000080000000, 0x0000000100000000)
  region size 1024K, 23 young (23552K), 2 survivors (2048K)
 Metaspace       used 137049K, capacity 140580K, committed 140748K, reserved 1171456K
  class space    used 16502K, capacity 17813K, committed 17868K, reserved 1048576K
}
Event: 2711.657 GC heap after
{Heap after GC invocations=188 (full 0):
 garbage-first heap   total 487424K, used 256348K [0x0000000080000000, 0x0000000100000000)
  region size 1024K, 3 young (3072K), 3 survivors (3072K)
 Metaspace       used 137049K, capacity 140580K, committed 140748K, reserved 1171456K
  class space    used 16502K, capacity 17813K, committed 17868K, reserved 1048576K
}

