# JRE version: OpenJDK Runtime Environment (11.0.10) (build 11.0.10+0-b96-7249189)
# Java VM: OpenJDK 64-Bit Server VM (11.0.10+0-b96-7249189, mixed mode, tiered, compressed oops, g1 gc, windows-amd64)
Heap:
 garbage-first heap   total 149504K, used 109204K [0x0000000080000000, 0x0000000100000000)
  region size 1024K, 12 young (12288K), 1 survivors (1024K)
 Metaspace       used 84105K, capacity 86202K, committed 86348K, reserved 1124352K
  class space    used 10773K, capacity 11538K, committed 11596K, reserved 1048576K
GC Heap History (20 events):
Event: 53.944 GC heap before
{Heap before GC invocations=64 (full 0):
 garbage-first heap   total 101376K, used 81669K [0x0000000080000000, 0x0000000100000000)
  region size 1024K, 20 young (20480K), 3 survivors (3072K)
 Metaspace       used 81521K, capacity 83593K, committed 83788K, reserved 1122304K
  class space    used 10506K, capacity 11236K, committed 11340K, reserved 1048576K
}
Event: 53.957 GC heap after
{Heap after GC invocations=65 (full 0):
 garbage-first heap   total 101376K, used 66785K [0x0000000080000000, 0x0000000100000000)
  region size 1024K, 3 young (3072K), 3 survivors (3072K)
 Metaspace       used 81521K, capacity 83593K, committed 83788K, reserved 1122304K
  class space    used 10506K, capacity 11236K, committed 11340K, reserved 1048576K
}
Event: 54.857 GC heap before
{Heap before GC invocations=65 (full 0):
 garbage-first heap   total 101376K, used 78049K [0x0000000080000000, 0x0000000100000000)
  region size 1024K, 16 young (16384K), 3 survivors (3072K)
 Metaspace       used 81991K, capacity 84053K, committed 84300K, reserved 1122304K
  class space    used 10581K, capacity 11324K, committed 11340K, reserved 1048576K
}
Event: 54.867 GC heap after
{Heap after GC invocations=66 (full 0):
 garbage-first heap   total 101376K, used 67174K [0x0000000080000000, 0x0000000100000000)
  region size 1024K, 2 young (2048K), 2 survivors (2048K)
 Metaspace       used 81991K, capacity 84053K, committed 84300K, reserved 1122304K
  class space    used 10581K, capacity 11324K, committed 11340K, reserved 1048576K
}
Event: 55.881 GC heap before
{Heap before GC invocations=67 (full 0):
 garbage-first heap   total 101376K, used 86630K [0x0000000080000000, 0x0000000100000000)
  region size 1024K, 19 young (19456K), 2 survivors (2048K)
 Metaspace       used 82472K, capacity 84528K, committed 84940K, reserved 1122304K
  class space    used 10613K, capacity 11354K, committed 11468K, reserved 1048576K
}
Event: 55.905 GC heap after
{Heap after GC invocations=68 (full 0):
 garbage-first heap   total 101376K, used 79445K [0x0000000080000000, 0x0000000100000000)
  region size 1024K, 3 young (3072K), 3 survivors (3072K)
 Metaspace       used 82472K, capacity 84528K, committed 84940K, reserved 1122304K
  class space    used 10613K, capacity 11354K, committed 11468K, reserved 1048576K
}
Event: 56.038 GC heap before
{Heap before GC invocations=68 (full 0):
 garbage-first heap   total 101376K, used 85589K [0x0000000080000000, 0x0000000100000000)
  region size 1024K, 9 young (9216K), 3 survivors (3072K)
 Metaspace       used 82479K, capacity 84528K, committed 84940K, reserved 1122304K
  class space    used 10613K, capacity 11354K, committed 11468K, reserved 1048576K
}
Event: 56.056 GC heap after
{Heap after GC invocations=69 (full 0):
 garbage-first heap   total 121856K, used 84325K [0x0000000080000000, 0x0000000100000000)
  region size 1024K, 2 young (2048K), 2 survivors (2048K)
 Metaspace       used 82479K, capacity 84528K, committed 84940K, reserved 1122304K
  class space    used 10613K, capacity 11354K, committed 11468K, reserved 1048576K
}
Event: 56.453 GC heap before
{Heap before GC invocations=69 (full 0):
 garbage-first heap   total 121856K, used 94565K [0x0000000080000000, 0x0000000100000000)
  region size 1024K, 12 young (12288K), 2 survivors (2048K)
 Metaspace       used 82645K, capacity 84658K, committed 84940K, reserved 1122304K
  class space    used 10633K, capacity 11355K, committed 11468K, reserved 1048576K
}
Event: 56.472 GC heap after
{Heap after GC invocations=70 (full 0):
 garbage-first heap   total 121856K, used 89931K [0x0000000080000000, 0x0000000100000000)
  region size 1024K, 2 young (2048K), 2 survivors (2048K)
 Metaspace       used 82645K, capacity 84658K, committed 84940K, reserved 1122304K
  class space    used 10633K, capacity 11355K, committed 11468K, reserved 1048576K
}
Event: 56.828 GC heap before
{Heap before GC invocations=71 (full 0):
 garbage-first heap   total 121856K, used 97099K [0x0000000080000000, 0x0000000100000000)
  region size 1024K, 10 young (10240K), 2 survivors (2048K)
 Metaspace       used 82820K, capacity 84883K, committed 85196K, reserved 1122304K
  class space    used 10653K, capacity 11387K, committed 11468K, reserved 1048576K
}
Event: 56.838 GC heap after
{Heap after GC invocations=72 (full 0):
 garbage-first heap   total 121856K, used 91734K [0x0000000080000000, 0x0000000100000000)
  region size 1024K, 2 young (2048K), 2 survivors (2048K)
 Metaspace       used 82820K, capacity 84883K, committed 85196K, reserved 1122304K
  class space    used 10653K, capacity 11387K, committed 11468K, reserved 1048576K
}
Event: 57.079 GC heap before
{Heap before GC invocations=72 (full 0):
 garbage-first heap   total 121856K, used 99926K [0x0000000080000000, 0x0000000100000000)
  region size 1024K, 10 young (10240K), 2 survivors (2048K)
 Metaspace       used 82886K, capacity 84947K, committed 85196K, reserved 1122304K
  class space    used 10658K, capacity 11387K, committed 11468K, reserved 1048576K
}
Event: 57.083 GC heap after
{Heap after GC invocations=73 (full 0):
 garbage-first heap   total 121856K, used 90931K [0x0000000080000000, 0x0000000100000000)
  region size 1024K, 1 young (1024K), 1 survivors (1024K)
 Metaspace       used 82886K, capacity 84947K, committed 85196K, reserved 1122304K
  class space    used 10658K, capacity 11387K, committed 11468K, reserved 1048576K
}
Event: 57.777 GC heap before
{Heap before GC invocations=74 (full 0):
 garbage-first heap   total 121856K, used 99123K [0x0000000080000000, 0x0000000100000000)
  region size 1024K, 9 young (9216K), 1 survivors (1024K)
 Metaspace       used 82997K, capacity 85014K, committed 85196K, reserved 1122304K
  class space    used 10665K, capacity 11388K, committed 11468K, reserved 1048576K
}
Event: 57.797 GC heap after
{Heap after GC invocations=75 (full 0):
 garbage-first heap   total 121856K, used 97810K [0x0000000080000000, 0x0000000100000000)
  region size 1024K, 2 young (2048K), 2 survivors (2048K)
 Metaspace       used 82997K, capacity 85014K, committed 85196K, reserved 1122304K
  class space    used 10665K, capacity 11388K, committed 11468K, reserved 1048576K
}
Event: 57.879 GC heap before
{Heap before GC invocations=75 (full 0):
 garbage-first heap   total 121856K, used 98834K [0x0000000080000000, 0x0000000100000000)
  region size 1024K, 5 young (5120K), 2 survivors (2048K)
 Metaspace       used 83012K, capacity 85014K, committed 85196K, reserved 1122304K
  class space    used 10666K, capacity 11388K, committed 11468K, reserved 1048576K
}
Event: 57.893 GC heap after
{Heap after GC invocations=76 (full 0):
 garbage-first heap   total 121856K, used 99921K [0x0000000080000000, 0x0000000100000000)
  region size 1024K, 1 young (1024K), 1 survivors (1024K)
 Metaspace       used 83012K, capacity 85014K, committed 85196K, reserved 1122304K
  class space    used 10666K, capacity 11388K, committed 11468K, reserved 1048576K
}
Event: 58.523 GC heap before
{Heap before GC invocations=76 (full 0):
 garbage-first heap   total 121856K, used 120401K [0x0000000080000000, 0x0000000100000000)
  region size 1024K, 5 young (5120K), 1 survivors (1024K)
 Metaspace       used 83320K, capacity 85379K, committed 85580K, reserved 1124352K
  class space    used 10699K, capacity 11460K, committed 11596K, reserved 1048576K
}
Event: 58.531 GC heap after
{Heap after GC invocations=77 (full 0):
 garbage-first heap   total 149504K, used 99988K [0x0000000080000000, 0x0000000100000000)
  region size 1024K, 1 young (1024K), 1 survivors (1024K)
 Metaspace       used 83320K, capacity 85379K, committed 85580K, reserved 1124352K
  class space    used 10699K, capacity 11460K, committed 11596K, reserved 1048576K
}

