# JRE version: OpenJDK Runtime Environment (11.0.10) (build 11.0.10+0-b96-7249189)
# Java VM: OpenJDK 64-Bit Server VM (11.0.10+0-b96-7249189, mixed mode, tiered, compressed oops, g1 gc, windows-amd64)
Heap:
 garbage-first heap   total 459776K, used 273726K [0x0000000080000000, 0x0000000100000000)
  region size 1024K, 35 young (35840K), 1 survivors (1024K)
 Metaspace       used 121659K, capacity 124809K, committed 125184K, reserved 1159168K
  class space    used 15025K, capacity 16210K, committed 16384K, reserved 1048576K
GC Heap History (20 events):
Event: 1611.581 GC heap before
{Heap before GC invocations=141 (full 0):
 garbage-first heap   total 459776K, used 216576K [0x0000000080000000, 0x0000000100000000)
  region size 1024K, 22 young (22528K), 3 survivors (3072K)
 Metaspace       used 120917K, capacity 123931K, committed 124416K, reserved 1157120K
  class space    used 14993K, capacity 16156K, committed 16384K, reserved 1048576K
}
Event: 1611.637 GC heap after
{Heap after GC invocations=142 (full 0):
 garbage-first heap   total 459776K, used 183296K [0x0000000080000000, 0x0000000100000000)
  region size 1024K, 3 young (3072K), 3 survivors (3072K)
 Metaspace       used 120917K, capacity 123931K, committed 124416K, reserved 1157120K
  class space    used 14993K, capacity 16156K, committed 16384K, reserved 1048576K
}
Event: 1660.714 GC heap before
{Heap before GC invocations=142 (full 0):
 garbage-first heap   total 459776K, used 201728K [0x0000000080000000, 0x0000000100000000)
  region size 1024K, 22 young (22528K), 3 survivors (3072K)
 Metaspace       used 121024K, capacity 124115K, committed 124672K, reserved 1157120K
  class space    used 15003K, capacity 16173K, committed 16384K, reserved 1048576K
}
Event: 1660.780 GC heap after
{Heap after GC invocations=143 (full 0):
 garbage-first heap   total 459776K, used 186786K [0x0000000080000000, 0x0000000100000000)
  region size 1024K, 3 young (3072K), 3 survivors (3072K)
 Metaspace       used 121024K, capacity 124115K, committed 124672K, reserved 1157120K
  class space    used 15003K, capacity 16173K, committed 16384K, reserved 1048576K
}
Event: 1661.448 GC heap before
{Heap before GC invocations=143 (full 0):
 garbage-first heap   total 459776K, used 205218K [0x0000000080000000, 0x0000000100000000)
  region size 1024K, 22 young (22528K), 3 survivors (3072K)
 Metaspace       used 121043K, capacity 124115K, committed 124672K, reserved 1157120K
  class space    used 15003K, capacity 16173K, committed 16384K, reserved 1048576K
}
Event: 1661.459 GC heap after
{Heap after GC invocations=144 (full 0):
 garbage-first heap   total 459776K, used 189494K [0x0000000080000000, 0x0000000100000000)
  region size 1024K, 3 young (3072K), 3 survivors (3072K)
 Metaspace       used 121043K, capacity 124115K, committed 124672K, reserved 1157120K
  class space    used 15003K, capacity 16173K, committed 16384K, reserved 1048576K
}
Event: 1662.270 GC heap before
{Heap before GC invocations=144 (full 0):
 garbage-first heap   total 459776K, used 207926K [0x0000000080000000, 0x0000000100000000)
  region size 1024K, 22 young (22528K), 3 survivors (3072K)
 Metaspace       used 121086K, capacity 124121K, committed 124672K, reserved 1157120K
  class space    used 15004K, capacity 16175K, committed 16384K, reserved 1048576K
}
Event: 1662.317 GC heap after
{Heap after GC invocations=145 (full 0):
 garbage-first heap   total 459776K, used 188754K [0x0000000080000000, 0x0000000100000000)
  region size 1024K, 1 young (1024K), 1 survivors (1024K)
 Metaspace       used 121086K, capacity 124121K, committed 124672K, reserved 1157120K
  class space    used 15004K, capacity 16175K, committed 16384K, reserved 1048576K
}
Event: 1738.859 GC heap before
{Heap before GC invocations=145 (full 0):
 garbage-first heap   total 459776K, used 226642K [0x0000000080000000, 0x0000000100000000)
  region size 1024K, 22 young (22528K), 1 survivors (1024K)
 Metaspace       used 121240K, capacity 124325K, committed 124672K, reserved 1157120K
  class space    used 15013K, capacity 16193K, committed 16384K, reserved 1048576K
}
Event: 1738.904 GC heap after
{Heap after GC invocations=146 (full 0):
 garbage-first heap   total 459776K, used 189756K [0x0000000080000000, 0x0000000100000000)
  region size 1024K, 2 young (2048K), 2 survivors (2048K)
 Metaspace       used 121240K, capacity 124325K, committed 124672K, reserved 1157120K
  class space    used 15013K, capacity 16193K, committed 16384K, reserved 1048576K
}
Event: 1740.642 GC heap before
{Heap before GC invocations=146 (full 0):
 garbage-first heap   total 459776K, used 214332K [0x0000000080000000, 0x0000000100000000)
  region size 1024K, 25 young (25600K), 2 survivors (2048K)
 Metaspace       used 121397K, capacity 124519K, committed 124928K, reserved 1157120K
  class space    used 15019K, capacity 16203K, committed 16384K, reserved 1048576K
}
Event: 1740.668 GC heap after
{Heap after GC invocations=147 (full 0):
 garbage-first heap   total 459776K, used 195865K [0x0000000080000000, 0x0000000100000000)
  region size 1024K, 4 young (4096K), 4 survivors (4096K)
 Metaspace       used 121397K, capacity 124519K, committed 124928K, reserved 1157120K
  class space    used 15019K, capacity 16203K, committed 16384K, reserved 1048576K
}
Event: 1740.946 GC heap before
{Heap before GC invocations=147 (full 0):
 garbage-first heap   total 459776K, used 224537K [0x0000000080000000, 0x0000000100000000)
  region size 1024K, 32 young (32768K), 4 survivors (4096K)
 Metaspace       used 121411K, capacity 124519K, committed 124928K, reserved 1157120K
  class space    used 15019K, capacity 16203K, committed 16384K, reserved 1048576K
}
Event: 1741.020 GC heap after
{Heap after GC invocations=148 (full 0):
 garbage-first heap   total 459776K, used 214697K [0x0000000080000000, 0x0000000100000000)
  region size 1024K, 4 young (4096K), 4 survivors (4096K)
 Metaspace       used 121411K, capacity 124519K, committed 124928K, reserved 1157120K
  class space    used 15019K, capacity 16203K, committed 16384K, reserved 1048576K
}
Event: 1741.835 GC heap before
{Heap before GC invocations=148 (full 0):
 garbage-first heap   total 459776K, used 256681K [0x0000000080000000, 0x0000000100000000)
  region size 1024K, 29 young (29696K), 4 survivors (4096K)
 Metaspace       used 121460K, capacity 124583K, committed 124928K, reserved 1157120K
  class space    used 15020K, capacity 16203K, committed 16384K, reserved 1048576K
}
Event: 1741.864 GC heap after
{Heap after GC invocations=149 (full 0):
 garbage-first heap   total 459776K, used 218567K [0x0000000080000000, 0x0000000100000000)
  region size 1024K, 3 young (3072K), 3 survivors (3072K)
 Metaspace       used 121460K, capacity 124583K, committed 124928K, reserved 1157120K
  class space    used 15020K, capacity 16203K, committed 16384K, reserved 1048576K
}
Event: 1776.170 GC heap before
{Heap before GC invocations=149 (full 0):
 garbage-first heap   total 459776K, used 244167K [0x0000000080000000, 0x0000000100000000)
  region size 1024K, 29 young (29696K), 3 survivors (3072K)
 Metaspace       used 121512K, capacity 124602K, committed 124928K, reserved 1157120K
  class space    used 15023K, capacity 16209K, committed 16384K, reserved 1048576K
}
Event: 1776.201 GC heap after
{Heap after GC invocations=150 (full 0):
 garbage-first heap   total 459776K, used 223232K [0x0000000080000000, 0x0000000100000000)
  region size 1024K, 4 young (4096K), 4 survivors (4096K)
 Metaspace       used 121512K, capacity 124602K, committed 124928K, reserved 1157120K
  class space    used 15023K, capacity 16209K, committed 16384K, reserved 1048576K
}
Event: 1778.308 GC heap before
{Heap before GC invocations=150 (full 0):
 garbage-first heap   total 459776K, used 256000K [0x0000000080000000, 0x0000000100000000)
  region size 1024K, 37 young (37888K), 4 survivors (4096K)
 Metaspace       used 121558K, capacity 124730K, committed 125184K, reserved 1159168K
  class space    used 15024K, capacity 16209K, committed 16384K, reserved 1048576K
}
Event: 1778.321 GC heap after
{Heap after GC invocations=151 (full 0):
 garbage-first heap   total 459776K, used 223550K [0x0000000080000000, 0x0000000100000000)
  region size 1024K, 1 young (1024K), 1 survivors (1024K)
 Metaspace       used 121558K, capacity 124730K, committed 125184K, reserved 1159168K
  class space    used 15024K, capacity 16209K, committed 16384K, reserved 1048576K
}

