# JRE version: OpenJDK Runtime Environment (11.0.10) (build 11.0.10+0-b96-7249189)
# Java VM: OpenJDK 64-Bit Server VM (11.0.10+0-b96-7249189, mixed mode, tiered, compressed oops, g1 gc, windows-amd64)
Heap:
 garbage-first heap   total 176128K, used 104069K [0x0000000080000000, 0x0000000100000000)
  region size 1024K, 6 young (6144K), 2 survivors (2048K)
 Metaspace       used 83709K, capacity 85765K, committed 86092K, reserved 1124352K
  class space    used 10727K, capacity 11489K, committed 11596K, reserved 1048576K
GC Heap History (20 events):
Event: 23.105 GC heap before
{Heap before GC invocations=28 (full 0):
 garbage-first heap   total 101376K, used 78721K [0x0000000080000000, 0x0000000100000000)
  region size 1024K, 33 young (33792K), 5 survivors (5120K)
 Metaspace       used 67192K, capacity 68863K, committed 69068K, reserved 1110016K
  class space    used 8549K, capacity 9152K, committed 9164K, reserved 1048576K
}
Event: 23.122 GC heap after
{Heap after GC invocations=29 (full 0):
 garbage-first heap   total 101376K, used 52158K [0x0000000080000000, 0x0000000100000000)
  region size 1024K, 5 young (5120K), 5 survivors (5120K)
 Metaspace       used 67192K, capacity 68863K, committed 69068K, reserved 1110016K
  class space    used 8549K, capacity 9152K, committed 9164K, reserved 1048576K
}
Event: 24.324 GC heap before
{Heap before GC invocations=30 (full 0):
 garbage-first heap   total 101376K, used 79806K [0x0000000080000000, 0x0000000100000000)
  region size 1024K, 32 young (32768K), 5 survivors (5120K)
 Metaspace       used 70187K, capacity 71808K, committed 71884K, reserved 1112064K
  class space    used 9029K, capacity 9633K, committed 9676K, reserved 1048576K
}
Event: 24.340 GC heap after
{Heap after GC invocations=31 (full 0):
 garbage-first heap   total 121856K, used 54219K [0x0000000080000000, 0x0000000100000000)
  region size 1024K, 4 young (4096K), 4 survivors (4096K)
 Metaspace       used 70187K, capacity 71808K, committed 71884K, reserved 1112064K
  class space    used 9029K, capacity 9633K, committed 9676K, reserved 1048576K
}
Event: 25.881 GC heap before
{Heap before GC invocations=31 (full 0):
 garbage-first heap   total 121856K, used 92107K [0x0000000080000000, 0x0000000100000000)
  region size 1024K, 41 young (41984K), 4 survivors (4096K)
 Metaspace       used 75198K, capacity 76923K, committed 77260K, reserved 1116160K
  class space    used 9741K, capacity 10347K, committed 10444K, reserved 1048576K
}
Event: 25.895 GC heap after
{Heap after GC invocations=32 (full 0):
 garbage-first heap   total 121856K, used 56282K [0x0000000080000000, 0x0000000100000000)
  region size 1024K, 4 young (4096K), 4 survivors (4096K)
 Metaspace       used 75198K, capacity 76923K, committed 77260K, reserved 1116160K
  class space    used 9741K, capacity 10347K, committed 10444K, reserved 1048576K
}
Event: 27.313 GC heap before
{Heap before GC invocations=32 (full 0):
 garbage-first heap   total 121856K, used 94170K [0x0000000080000000, 0x0000000100000000)
  region size 1024K, 41 young (41984K), 4 survivors (4096K)
 Metaspace       used 77878K, capacity 79739K, committed 79948K, reserved 1118208K
  class space    used 10062K, capacity 10738K, committed 10828K, reserved 1048576K
}
Event: 27.332 GC heap after
{Heap after GC invocations=33 (full 0):
 garbage-first heap   total 121856K, used 60339K [0x0000000080000000, 0x0000000100000000)
  region size 1024K, 6 young (6144K), 6 survivors (6144K)
 Metaspace       used 77878K, capacity 79739K, committed 79948K, reserved 1118208K
  class space    used 10062K, capacity 10738K, committed 10828K, reserved 1048576K
}
Event: 29.299 GC heap before
{Heap before GC invocations=33 (full 0):
 garbage-first heap   total 121856K, used 96179K [0x0000000080000000, 0x0000000100000000)
  region size 1024K, 42 young (43008K), 6 survivors (6144K)
 Metaspace       used 81105K, capacity 83132K, committed 83148K, reserved 1122304K
  class space    used 10475K, capacity 11204K, committed 11212K, reserved 1048576K
}
Event: 29.323 GC heap after
{Heap after GC invocations=34 (full 0):
 garbage-first heap   total 121856K, used 63535K [0x0000000080000000, 0x0000000100000000)
  region size 1024K, 4 young (4096K), 4 survivors (4096K)
 Metaspace       used 81105K, capacity 83132K, committed 83148K, reserved 1122304K
  class space    used 10475K, capacity 11204K, committed 11212K, reserved 1048576K
}
Event: 30.809 GC heap before
{Heap before GC invocations=34 (full 0):
 garbage-first heap   total 121856K, used 97327K [0x0000000080000000, 0x0000000100000000)
  region size 1024K, 38 young (38912K), 4 survivors (4096K)
 Metaspace       used 81459K, capacity 83470K, committed 83788K, reserved 1122304K
  class space    used 10490K, capacity 11222K, committed 11340K, reserved 1048576K
}
Event: 30.826 GC heap after
{Heap after GC invocations=35 (full 0):
 garbage-first heap   total 146432K, used 66295K [0x0000000080000000, 0x0000000100000000)
  region size 1024K, 3 young (3072K), 3 survivors (3072K)
 Metaspace       used 81459K, capacity 83470K, committed 83788K, reserved 1122304K
  class space    used 10490K, capacity 11222K, committed 11340K, reserved 1048576K
}
Event: 35.101 GC heap before
{Heap before GC invocations=36 (full 0):
 garbage-first heap   total 146432K, used 109303K [0x0000000080000000, 0x0000000100000000)
  region size 1024K, 46 young (47104K), 3 survivors (3072K)
 Metaspace       used 82803K, capacity 84916K, committed 85196K, reserved 1122304K
  class space    used 10653K, capacity 11421K, committed 11468K, reserved 1048576K
}
Event: 35.135 GC heap after
{Heap after GC invocations=37 (full 0):
 garbage-first heap   total 146432K, used 80222K [0x0000000080000000, 0x0000000100000000)
  region size 1024K, 6 young (6144K), 6 survivors (6144K)
 Metaspace       used 82803K, capacity 84916K, committed 85196K, reserved 1122304K
  class space    used 10653K, capacity 11421K, committed 11468K, reserved 1048576K
}
Event: 37.361 GC heap before
{Heap before GC invocations=37 (full 0):
 garbage-first heap   total 146432K, used 100702K [0x0000000080000000, 0x0000000100000000)
  region size 1024K, 28 young (28672K), 6 survivors (6144K)
 Metaspace       used 82886K, capacity 85044K, committed 85196K, reserved 1122304K
  class space    used 10653K, capacity 11421K, committed 11468K, reserved 1048576K
}
Event: 37.424 GC heap after
{Heap after GC invocations=38 (full 0):
 garbage-first heap   total 146432K, used 88485K [0x0000000080000000, 0x0000000100000000)
  region size 1024K, 5 young (5120K), 5 survivors (5120K)
 Metaspace       used 82886K, capacity 85044K, committed 85196K, reserved 1122304K
  class space    used 10653K, capacity 11421K, committed 11468K, reserved 1048576K
}
Event: 39.244 GC heap before
{Heap before GC invocations=39 (full 0):
 garbage-first heap   total 146432K, used 115109K [0x0000000080000000, 0x0000000100000000)
  region size 1024K, 28 young (28672K), 5 survivors (5120K)
 Metaspace       used 83022K, capacity 85103K, committed 85452K, reserved 1124352K
  class space    used 10649K, capacity 11398K, committed 11468K, reserved 1048576K
}
Event: 39.277 GC heap after
{Heap after GC invocations=40 (full 0):
 garbage-first heap   total 146432K, used 98304K [0x0000000080000000, 0x0000000100000000)
  region size 1024K, 4 young (4096K), 4 survivors (4096K)
 Metaspace       used 83022K, capacity 85103K, committed 85452K, reserved 1124352K
  class space    used 10649K, capacity 11398K, committed 11468K, reserved 1048576K
}
Event: 41.354 GC heap before
{Heap before GC invocations=40 (full 0):
 garbage-first heap   total 146432K, used 114688K [0x0000000080000000, 0x0000000100000000)
  region size 1024K, 21 young (21504K), 4 survivors (4096K)
 Metaspace       used 83617K, capacity 85701K, committed 85836K, reserved 1124352K
  class space    used 10715K, capacity 11489K, committed 11596K, reserved 1048576K
}
Event: 41.368 GC heap after
{Heap after GC invocations=41 (full 0):
 garbage-first heap   total 176128K, used 100997K [0x0000000080000000, 0x0000000100000000)
  region size 1024K, 2 young (2048K), 2 survivors (2048K)
 Metaspace       used 83617K, capacity 85701K, committed 85836K, reserved 1124352K
  class space    used 10715K, capacity 11489K, committed 11596K, reserved 1048576K
}

