# JRE version: OpenJDK Runtime Environment (11.0.10) (build 11.0.10+0-b96-7249189)
# Java VM: OpenJDK 64-Bit Server VM (11.0.10+0-b96-7249189, mixed mode, tiered, compressed oops, g1 gc, windows-amd64)
Heap:
 garbage-first heap   total 230400K, used 87099K [0x0000000080000000, 0x0000000100000000)
  region size 1024K, 1 young (1024K), 1 survivors (1024K)
 Metaspace       used 114566K, capacity 117581K, committed 117888K, reserved 1150976K
  class space    used 14722K, capacity 15888K, committed 16000K, reserved 1048576K
GC Heap History (20 events):
Event: 97.469 GC heap after
{Heap after GC invocations=93 (full 0):
 garbage-first heap   total 146432K, used 81469K [0x0000000080000000, 0x0000000100000000)
  region size 1024K, 4 young (4096K), 4 survivors (4096K)
 Metaspace       used 90483K, capacity 92704K, committed 92800K, reserved 1130496K
  class space    used 11530K, capacity 12349K, committed 12416K, reserved 1048576K
}
Event: 100.261 GC heap before
{Heap before GC invocations=93 (full 0):
 garbage-first heap   total 146432K, used 103997K [0x0000000080000000, 0x0000000100000000)
  region size 1024K, 28 young (28672K), 4 survivors (4096K)
 Metaspace       used 95997K, capacity 98315K, committed 98432K, reserved 1134592K
  class space    used 12245K, capacity 13090K, committed 13184K, reserved 1048576K
}
Event: 100.284 GC heap after
{Heap after GC invocations=94 (full 0):
 garbage-first heap   total 146432K, used 83026K [0x0000000080000000, 0x0000000100000000)
  region size 1024K, 2 young (2048K), 2 survivors (2048K)
 Metaspace       used 95997K, capacity 98315K, committed 98432K, reserved 1134592K
  class space    used 12245K, capacity 13090K, committed 13184K, reserved 1048576K
}
Event: 104.515 GC heap before
{Heap before GC invocations=95 (full 0):
 garbage-first heap   total 146432K, used 120914K [0x0000000080000000, 0x0000000100000000)
  region size 1024K, 37 young (37888K), 2 survivors (2048K)
 Metaspace       used 97431K, capacity 99850K, committed 100096K, reserved 1136640K
  class space    used 12395K, capacity 13256K, committed 13312K, reserved 1048576K
}
Event: 104.545 GC heap after
{Heap after GC invocations=96 (full 0):
 garbage-first heap   total 146432K, used 93171K [0x0000000080000000, 0x0000000100000000)
  region size 1024K, 5 young (5120K), 5 survivors (5120K)
 Metaspace       used 97431K, capacity 99850K, committed 100096K, reserved 1136640K
  class space    used 12395K, capacity 13256K, committed 13312K, reserved 1048576K
}
Event: 107.949 GC heap before
{Heap before GC invocations=96 (full 0):
 garbage-first heap   total 146432K, used 118771K [0x0000000080000000, 0x0000000100000000)
  region size 1024K, 31 young (31744K), 5 survivors (5120K)
 Metaspace       used 101042K, capacity 103609K, committed 103680K, reserved 1138688K
  class space    used 12871K, capacity 13816K, committed 13824K, reserved 1048576K
}
Event: 107.975 GC heap after
{Heap after GC invocations=97 (full 0):
 garbage-first heap   total 146432K, used 91822K [0x0000000080000000, 0x0000000100000000)
  region size 1024K, 2 young (2048K), 2 survivors (2048K)
 Metaspace       used 101042K, capacity 103609K, committed 103680K, reserved 1138688K
  class space    used 12871K, capacity 13816K, committed 13824K, reserved 1048576K
}
Event: 110.657 GC heap before
{Heap before GC invocations=98 (full 0):
 garbage-first heap   total 146432K, used 118446K [0x0000000080000000, 0x0000000100000000)
  region size 1024K, 29 young (29696K), 2 survivors (2048K)
 Metaspace       used 107592K, capacity 110361K, committed 110464K, reserved 1144832K
  class space    used 13906K, capacity 14970K, committed 14976K, reserved 1048576K
}
Event: 110.670 GC heap after
{Heap after GC invocations=99 (full 0):
 garbage-first heap   total 146432K, used 92979K [0x0000000080000000, 0x0000000100000000)
  region size 1024K, 3 young (3072K), 3 survivors (3072K)
 Metaspace       used 107592K, capacity 110361K, committed 110464K, reserved 1144832K
  class space    used 13906K, capacity 14970K, committed 14976K, reserved 1048576K
}
Event: 112.460 GC heap before
{Heap before GC invocations=99 (full 0):
 garbage-first heap   total 146432K, used 119603K [0x0000000080000000, 0x0000000100000000)
  region size 1024K, 30 young (30720K), 3 survivors (3072K)
 Metaspace       used 110125K, capacity 113080K, committed 113280K, reserved 1146880K
  class space    used 14329K, capacity 15459K, committed 15488K, reserved 1048576K
}
Event: 112.471 GC heap after
{Heap after GC invocations=100 (full 0):
 garbage-first heap   total 146432K, used 93888K [0x0000000080000000, 0x0000000100000000)
  region size 1024K, 3 young (3072K), 3 survivors (3072K)
 Metaspace       used 110125K, capacity 113080K, committed 113280K, reserved 1146880K
  class space    used 14329K, capacity 15459K, committed 15488K, reserved 1048576K
}
Event: 191.612 GC heap before
{Heap before GC invocations=101 (full 0):
 garbage-first heap   total 146432K, used 134848K [0x0000000080000000, 0x0000000100000000)
  region size 1024K, 30 young (30720K), 3 survivors (3072K)
 Metaspace       used 114198K, capacity 117201K, committed 117376K, reserved 1150976K
  class space    used 14721K, capacity 15886K, committed 16000K, reserved 1048576K
}
Event: 198.483 GC heap after
{Heap after GC invocations=102 (full 0):
 garbage-first heap   total 146432K, used 93826K [0x0000000080000000, 0x0000000100000000)
  region size 1024K, 2 young (2048K), 2 survivors (2048K)
 Metaspace       used 114198K, capacity 117201K, committed 117376K, reserved 1150976K
  class space    used 14721K, capacity 15886K, committed 16000K, reserved 1048576K
}
Event: 215.979 GC heap before
{Heap before GC invocations=102 (full 0):
 garbage-first heap   total 146432K, used 97922K [0x0000000080000000, 0x0000000100000000)
  region size 1024K, 7 young (7168K), 2 survivors (2048K)
 Metaspace       used 114256K, capacity 117271K, committed 117632K, reserved 1150976K
  class space    used 14721K, capacity 15886K, committed 16000K, reserved 1048576K
}
Event: 216.115 GC heap after
{Heap after GC invocations=103 (full 0):
 garbage-first heap   total 146432K, used 91568K [0x0000000080000000, 0x0000000100000000)
  region size 1024K, 1 young (1024K), 1 survivors (1024K)
 Metaspace       used 114256K, capacity 117271K, committed 117632K, reserved 1150976K
  class space    used 14721K, capacity 15886K, committed 16000K, reserved 1048576K
}
Event: 220.171 GC heap before
{Heap before GC invocations=103 (full 0):
 garbage-first heap   total 146432K, used 96688K [0x0000000080000000, 0x0000000100000000)
  region size 1024K, 7 young (7168K), 1 survivors (1024K)
 Metaspace       used 114342K, capacity 117345K, committed 117632K, reserved 1150976K
  class space    used 14721K, capacity 15886K, committed 16000K, reserved 1048576K
}
Event: 220.284 GC heap after
{Heap after GC invocations=104 (full 0):
 garbage-first heap   total 146432K, used 91510K [0x0000000080000000, 0x0000000100000000)
  region size 1024K, 1 young (1024K), 1 survivors (1024K)
 Metaspace       used 114342K, capacity 117345K, committed 117632K, reserved 1150976K
  class space    used 14721K, capacity 15886K, committed 16000K, reserved 1048576K
}
Event: 228.201 GC heap before
{Heap before GC invocations=105 (full 0):
 garbage-first heap   total 146432K, used 95606K [0x0000000080000000, 0x0000000100000000)
  region size 1024K, 7 young (7168K), 1 survivors (1024K)
 Metaspace       used 114406K, capacity 117356K, committed 117632K, reserved 1150976K
  class space    used 14719K, capacity 15883K, committed 16000K, reserved 1048576K
}
Event: 228.335 GC heap after
{Heap after GC invocations=106 (full 0):
 garbage-first heap   total 146432K, used 90003K [0x0000000080000000, 0x0000000100000000)
  region size 1024K, 1 young (1024K), 1 survivors (1024K)
 Metaspace       used 114406K, capacity 117356K, committed 117632K, reserved 1150976K
  class space    used 14719K, capacity 15883K, committed 16000K, reserved 1048576K
}
Event: 230.511 GC heap before
{Heap before GC invocations=106 (full 0):
 garbage-first heap   total 146432K, used 96147K [0x0000000080000000, 0x0000000100000000)
  region size 1024K, 7 young (7168K), 1 survivors (1024K)
 Metaspace       used 114566K, capacity 117581K, committed 117888K, reserved 1150976K
  class space    used 14722K, capacity 15888K, committed 16000K, reserved 1048576K
}

